[INFO] Verified: Dockerfile or docker-compose.yml found.
[INFO] Step 3 SUCCESS. Next: Connect to remote server (Step 4).
[INFO] Starting Step 4: SSH into the remote server...
[INFO] Attempting SSH dry-run to ubuntu@18.119.99.47...
[INFO] SSH connection successful
[INFO] Executing basic remote commands to validate environment...
ubuntu
ip-172-31-17-217
Linux ip-172-31-17-217 6.14.0-1011-aws #11~24.04.1-Ubuntu SMP Fri Aug  1 02:07:25 UTC 2025 x86_64 x86_64 x86_64 GNU/Linux
[INFO] Remote command execution succeeded. Ready for Step 5 provisioning.
[INFO] Step 4 complete. Remote server is reachable and ready for environment setup.
[INFO] Starting Step 5: Prepare the remote environment...
[INFO] Updating system packages...
Hit:1 http://us-east-2.ec2.archive.ubuntu.com/ubuntu noble InRelease
Hit:2 http://us-east-2.ec2.archive.ubuntu.com/ubuntu noble-updates InRelease
Hit:3 http://us-east-2.ec2.archive.ubuntu.com/ubuntu noble-backports InRelease
Hit:4 http://security.ubuntu.com/ubuntu noble-security InRelease
Hit:5 https://download.docker.com/linux/ubuntu noble InRelease
Reading package lists...
Reading package lists...
Building dependency tree...
Reading state information...
Calculating upgrade...
The following upgrades have been deferred due to phasing:
  sosreport
The following packages have been kept back:
  linux-aws linux-headers-aws linux-image-aws
0 upgraded, 0 newly installed, 0 to remove and 4 not upgraded.
[INFO] Installing Docker if missing...
[INFO] Installing Docker Compose if missing...
[INFO] Installing Nginx if missing...
[INFO] Adding user to Docker group...
[INFO] Enabling and starting services...
[INFO] Confirming installation versions...
Docker version 28.5.1, build e180ab8
docker-compose version 1.29.2, build unknown
[INFO] Remote environment preparation complete.
[INFO] Step 5 complete. Remote environment is ready. Versions logged to deploy_20251022_014627.log
